[2729533.619] (--) Log file renamed from "/home/genevieve/.local/share/xorg/Xorg.pid-3524153.log" to "/home/genevieve/.local/share/xorg/Xorg.0.log"
[2729533.619] 
X.Org X Server 1.20.13
X Protocol Version 11, Revision 0
[2729533.619] Build Operating System: linux Ubuntu
[2729533.619] Current Operating System: Linux thanos 5.15.0-138-generic #148~20.04.1-Ubuntu SMP Fri Mar 28 14:32:35 UTC 2025 x86_64
[2729533.619] Kernel command line: BOOT_IMAGE=/boot/vmlinuz-5.15.0-138-generic root=UUID=0ea43b2f-59e6-4cbe-87e7-3e534ed0a210 ro quiet splash vt.handoff=7
[2729533.619] Build Date: 19 February 2025  01:54:27PM
[2729533.619] xorg-server 2:1.20.13-1ubuntu1~20.04.19 (For technical support please see http://www.ubuntu.com/support) 
[2729533.619] Current version of pixman: 0.38.4
[2729533.619] 	Before reporting problems, check http://wiki.x.org
	to make sure that you have the latest version.
[2729533.619] Markers: (--) probed, (**) from config file, (==) default setting,
	(++) from command line, (!!) notice, (II) informational,
	(WW) warning, (EE) error, (NI) not implemented, (??) unknown.
[2729533.619] (==) Log file: "/home/genevieve/.local/share/xorg/Xorg.0.log", Time: Mon Jun  2 08:01:53 2025
[2729533.619] (==) Using system config directory "/usr/share/X11/xorg.conf.d"
[2729533.624] (==) No Layout section.  Using the first Screen section.
[2729533.624] (==) No screen section available. Using defaults.
[2729533.624] (**) |-->Screen "Default Screen Section" (0)
[2729533.624] (**) |   |-->Monitor "<default monitor>"
[2729533.624] (==) No monitor specified for screen "Default Screen Section".
	Using a default monitor configuration.
[2729533.624] (==) Automatically adding devices
[2729533.624] (==) Automatically enabling devices
[2729533.624] (==) Automatically adding GPU devices
[2729533.624] (==) Automatically binding GPU devices
[2729533.624] (==) Max clients allowed: 256, resource mask: 0x1fffff
[2729533.624] (WW) The directory "/usr/share/fonts/X11/cyrillic" does not exist.
[2729533.624] 	Entry deleted from font path.
[2729533.624] (WW) The directory "/usr/share/fonts/X11/100dpi/" does not exist.
[2729533.624] 	Entry deleted from font path.
[2729533.624] (WW) The directory "/usr/share/fonts/X11/75dpi/" does not exist.
[2729533.624] 	Entry deleted from font path.
[2729533.624] (WW) The directory "/usr/share/fonts/X11/100dpi" does not exist.
[2729533.624] 	Entry deleted from font path.
[2729533.624] (WW) The directory "/usr/share/fonts/X11/75dpi" does not exist.
[2729533.624] 	Entry deleted from font path.
[2729533.624] (==) FontPath set to:
	/usr/share/fonts/X11/misc,
	/usr/share/fonts/X11/Type1,
	built-ins
[2729533.624] (==) ModulePath set to "/usr/lib/xorg/modules"
[2729533.624] (II) The server relies on udev to provide the list of input devices.
	If no devices become available, reconfigure udev or disable AutoAddDevices.
[2729533.624] (II) Loader magic: 0x5603ecbe7020
[2729533.624] (II) Module ABI versions:
[2729533.624] 	X.Org ANSI C Emulation: 0.4
[2729533.624] 	X.Org Video Driver: 24.1
[2729533.624] 	X.Org XInput driver : 24.1
[2729533.624] 	X.Org Server Extension : 10.0
[2729533.625] (++) using VT number 2

[2729533.626] (II) systemd-logind: took control of session /org/freedesktop/login1/session/_31506
[2729533.627] (II) xfree86: Adding drm device (/dev/dri/card0)
[2729533.628] (II) systemd-logind: got fd for /dev/dri/card0 226:0 fd 12 paused 0
[2729533.636] (--) PCI:*(9@0:0:0) 1002:67df:1849:5001 rev 231, Mem @ 0xe0000000/268435456, 0xf0000000/2097152, 0xfce00000/262144, I/O @ 0x0000e000/256, BIOS @ 0x????????/131072
[2729533.636] (II) LoadModule: "glx"
[2729533.639] (II) Loading /usr/lib/xorg/modules/extensions/libglx.so
[2729533.640] (II) Module glx: vendor="X.Org Foundation"
[2729533.640] 	compiled for 1.20.13, module version = 1.0.0
[2729533.640] 	ABI class: X.Org Server Extension, version 10.0
[2729533.640] (II) Applying OutputClass "AMDgpu" to /dev/dri/card0
[2729533.640] 	loading driver: amdgpu
[2729533.640] (==) Matched amdgpu as autoconfigured driver 0
[2729533.640] (==) Matched ati as autoconfigured driver 1
[2729533.640] (==) Matched modesetting as autoconfigured driver 2
[2729533.640] (==) Matched fbdev as autoconfigured driver 3
[2729533.640] (==) Matched vesa as autoconfigured driver 4
[2729533.640] (==) Assigned the driver to the xf86ConfigLayout
[2729533.640] (II) LoadModule: "amdgpu"
[2729533.640] (II) Loading /usr/lib/xorg/modules/drivers/amdgpu_drv.so
[2729533.643] (II) Module amdgpu: vendor="X.Org Foundation"
[2729533.643] 	compiled for 1.20.13, module version = 19.1.0
[2729533.643] 	Module class: X.Org Video Driver
[2729533.643] 	ABI class: X.Org Video Driver, version 24.1
[2729533.643] (II) LoadModule: "ati"
[2729533.643] (II) Loading /usr/lib/xorg/modules/drivers/ati_drv.so
[2729533.646] (II) Module ati: vendor="X.Org Foundation"
[2729533.646] 	compiled for 1.20.5, module version = 19.1.0
[2729533.646] 	Module class: X.Org Video Driver
[2729533.646] 	ABI class: X.Org Video Driver, version 24.0
[2729533.653] (II) LoadModule: "modesetting"
[2729533.653] (II) Loading /usr/lib/xorg/modules/drivers/modesetting_drv.so
[2729533.655] (II) Module modesetting: vendor="X.Org Foundation"
[2729533.655] 	compiled for 1.20.13, module version = 1.20.13
[2729533.655] 	Module class: X.Org Video Driver
[2729533.655] 	ABI class: X.Org Video Driver, version 24.1
[2729533.655] (II) LoadModule: "fbdev"
[2729533.655] (II) Loading /usr/lib/xorg/modules/drivers/fbdev_drv.so
[2729533.657] (II) Module fbdev: vendor="X.Org Foundation"
[2729533.657] 	compiled for 1.20.1, module version = 0.5.0
[2729533.657] 	Module class: X.Org Video Driver
[2729533.657] 	ABI class: X.Org Video Driver, version 24.0
[2729533.657] (II) LoadModule: "vesa"
[2729533.658] (II) Loading /usr/lib/xorg/modules/drivers/vesa_drv.so
[2729533.658] (II) Module vesa: vendor="X.Org Foundation"
[2729533.658] 	compiled for 1.20.4, module version = 2.4.0
[2729533.658] 	Module class: X.Org Video Driver
[2729533.658] 	ABI class: X.Org Video Driver, version 24.0
[2729533.658] (II) AMDGPU: Driver for AMD Radeon:
	All GPUs supported by the amdgpu kernel driver
[2729533.658] (II) modesetting: Driver for Modesetting Kernel Drivers: kms
[2729533.658] (II) FBDEV: driver for framebuffer: fbdev
[2729533.658] (II) VESA: driver for VESA chipsets: vesa
[2729533.658] xf86EnableIOPorts: failed to set IOPL for I/O (Operation not permitted)
[2729533.658] (WW) Falling back to old probe method for modesetting
[2729533.662] (WW) Falling back to old probe method for fbdev
[2729533.662] (II) Loading sub module "fbdevhw"
[2729533.662] (II) LoadModule: "fbdevhw"
[2729533.662] (II) Loading /usr/lib/xorg/modules/libfbdevhw.so
[2729533.662] (II) Module fbdevhw: vendor="X.Org Foundation"
[2729533.662] 	compiled for 1.20.13, module version = 0.0.2
[2729533.662] 	ABI class: X.Org Video Driver, version 24.1
[2729533.662] (EE) open /dev/fb0: Permission denied
[2729533.662] (WW) VGA arbiter: cannot open kernel arbiter, no multi-card support
[2729533.662] (II) AMDGPU(0): Creating default Display subsection in Screen section
	"Default Screen Section" for depth/fbbpp 24/32
[2729533.662] (==) AMDGPU(0): Depth 24, (--) framebuffer bpp 32
[2729533.662] (II) AMDGPU(0): Pixel depth = 24 bits stored in 4 bytes (32 bpp pixmaps)
[2729533.662] (==) AMDGPU(0): Default visual is TrueColor
[2729533.662] (==) AMDGPU(0): RGB weight 888
[2729533.662] (II) AMDGPU(0): Using 8 bits per RGB (8 bit DAC)
[2729533.662] (--) AMDGPU(0): Chipset: "Radeon RX 580 Series" (ChipID = 0x67df)
[2729533.662] (II) Loading sub module "fb"
[2729533.662] (II) LoadModule: "fb"
[2729533.662] (II) Loading /usr/lib/xorg/modules/libfb.so
[2729533.663] (II) Module fb: vendor="X.Org Foundation"
[2729533.663] 	compiled for 1.20.13, module version = 1.0.0
[2729533.663] 	ABI class: X.Org ANSI C Emulation, version 0.4
[2729533.663] (II) Loading sub module "dri2"
[2729533.663] (II) LoadModule: "dri2"
[2729533.663] (II) Module "dri2" already built-in
[2729533.687] (II) Loading sub module "glamoregl"
[2729533.687] (II) LoadModule: "glamoregl"
[2729533.687] (II) Loading /usr/lib/xorg/modules/libglamoregl.so
[2729533.692] (II) Module glamoregl: vendor="X.Org Foundation"
[2729533.692] 	compiled for 1.20.13, module version = 1.0.1
[2729533.692] 	ABI class: X.Org ANSI C Emulation, version 0.4
[2729533.698] (II) AMDGPU(0): glamor X acceleration enabled on Radeon RX 580 Series (POLARIS10, DRM 3.42.0, 5.15.0-138-generic, LLVM 12.0.0)
[2729533.698] (II) AMDGPU(0): glamor detected, initialising EGL layer.
[2729533.698] (==) AMDGPU(0): TearFree property default: auto
[2729533.698] (==) AMDGPU(0): VariableRefresh: disabled
[2729533.698] (II) AMDGPU(0): KMS Pageflipping: enabled
[2729533.698] (II) AMDGPU(0): Output DisplayPort-0 has no monitor section
[2729533.698] (II) AMDGPU(0): Output DisplayPort-1 has no monitor section
[2729533.698] (II) AMDGPU(0): Output DisplayPort-2 has no monitor section
[2729533.699] (II) AMDGPU(0): Output HDMI-A-0 has no monitor section
[2729533.699] (II) AMDGPU(0): Output DVI-D-0 has no monitor section
[2729533.705] (II) AMDGPU(0): EDID for output DisplayPort-0
[2729533.705] (II) AMDGPU(0): EDID for output DisplayPort-1
[2729533.705] (II) AMDGPU(0): EDID for output DisplayPort-2
[2729533.706] (II) AMDGPU(0): EDID for output HDMI-A-0
[2729533.706] (II) AMDGPU(0): Manufacturer: GSM  Model: 5b55  Serial#: 16843009
[2729533.706] (II) AMDGPU(0): Year: 2016  Week: 1
[2729533.706] (II) AMDGPU(0): EDID Version: 1.3
[2729533.706] (II) AMDGPU(0): Digital Display Input
[2729533.706] (II) AMDGPU(0): Max Image Size [cm]: horiz.: 48  vert.: 27
[2729533.706] (II) AMDGPU(0): Gamma: 2.20
[2729533.706] (II) AMDGPU(0): DPMS capabilities: StandBy Suspend Off
[2729533.706] (II) AMDGPU(0): Supported color encodings: RGB 4:4:4 YCrCb 4:4:4 
[2729533.706] (II) AMDGPU(0): First detailed timing is preferred mode
[2729533.706] (II) AMDGPU(0): redX: 0.645 redY: 0.335   greenX: 0.305 greenY: 0.630
[2729533.706] (II) AMDGPU(0): blueX: 0.148 blueY: 0.050   whiteX: 0.313 whiteY: 0.329
[2729533.706] (II) AMDGPU(0): Supported established timings:
[2729533.706] (II) AMDGPU(0): 720x400@70Hz
[2729533.706] (II) AMDGPU(0): 640x480@60Hz
[2729533.706] (II) AMDGPU(0): 640x480@75Hz
[2729533.706] (II) AMDGPU(0): 800x600@60Hz
[2729533.706] (II) AMDGPU(0): 800x600@75Hz
[2729533.706] (II) AMDGPU(0): 1024x768@60Hz
[2729533.706] (II) AMDGPU(0): 1024x768@75Hz
[2729533.706] (II) AMDGPU(0): 1280x1024@75Hz
[2729533.706] (II) AMDGPU(0): Manufacturer's mask: 0
[2729533.706] (II) AMDGPU(0): Supported standard timings:
[2729533.706] (II) AMDGPU(0): #0: hsize: 1152  vsize 864  refresh: 75  vid: 20337
[2729533.706] (II) AMDGPU(0): #1: hsize: 1280  vsize 1024  refresh: 60  vid: 32897
[2729533.706] (II) AMDGPU(0): #2: hsize: 1440  vsize 900  refresh: 60  vid: 149
[2729533.706] (II) AMDGPU(0): #3: hsize: 1680  vsize 1050  refresh: 60  vid: 179
[2729533.706] (II) AMDGPU(0): #4: hsize: 1600  vsize 900  refresh: 60  vid: 49321
[2729533.706] (II) AMDGPU(0): #5: hsize: 1280  vsize 800  refresh: 60  vid: 129
[2729533.706] (II) AMDGPU(0): #6: hsize: 1280  vsize 720  refresh: 60  vid: 49281
[2729533.706] (II) AMDGPU(0): #7: hsize: 1400  vsize 1050  refresh: 60  vid: 16528
[2729533.706] (II) AMDGPU(0): Supported detailed timing:
[2729533.706] (II) AMDGPU(0): clock: 148.5 MHz   Image Size:  480 x 270 mm
[2729533.706] (II) AMDGPU(0): h_active: 1920  h_sync: 2008  h_sync_end 2052 h_blank_end 2200 h_border: 0
[2729533.706] (II) AMDGPU(0): v_active: 1080  v_sync: 1084  v_sync_end 1089 v_blanking: 1125 v_border: 0
[2729533.706] (II) AMDGPU(0): Ranges: V min: 56 V max: 75 Hz, H min: 30 H max: 85 kHz, PixClock max 185 MHz
[2729533.706] (II) AMDGPU(0): Monitor name: LG FULL HD
[2729533.706] (II) AMDGPU(0): Serial No: 
[2729533.706] (II) AMDGPU(0): Supported detailed timing:
[2729533.706] (II) AMDGPU(0): clock: 148.5 MHz   Image Size:  480 x 270 mm
[2729533.706] (II) AMDGPU(0): h_active: 1920  h_sync: 2008  h_sync_end 2052 h_blank_end 2200 h_border: 0
[2729533.706] (II) AMDGPU(0): v_active: 1080  v_sync: 1084  v_sync_end 1089 v_blanking: 1125 v_border: 0
[2729533.706] (II) AMDGPU(0): Supported detailed timing:
[2729533.706] (II) AMDGPU(0): clock: 174.5 MHz   Image Size:  480 x 270 mm
[2729533.706] (II) AMDGPU(0): h_active: 1920  h_sync: 1968  h_sync_end 2000 h_blank_end 2080 h_border: 0
[2729533.706] (II) AMDGPU(0): v_active: 1080  v_sync: 1083  v_sync_end 1088 v_blanking: 1119 v_border: 0
[2729533.706] (II) AMDGPU(0): Supported detailed timing:
[2729533.706] (II) AMDGPU(0): clock: 74.2 MHz   Image Size:  480 x 270 mm
[2729533.706] (II) AMDGPU(0): h_active: 1280  h_sync: 1390  h_sync_end 1430 h_blank_end 1650 h_border: 0
[2729533.706] (II) AMDGPU(0): v_active: 720  v_sync: 725  v_sync_end 730 v_blanking: 750 v_border: 0
[2729533.706] (II) AMDGPU(0): Supported detailed timing:
[2729533.706] (II) AMDGPU(0): clock: 27.0 MHz   Image Size:  480 x 270 mm
[2729533.706] (II) AMDGPU(0): h_active: 720  h_sync: 736  h_sync_end 798 h_blank_end 858 h_border: 0
[2729533.706] (II) AMDGPU(0): v_active: 480  v_sync: 489  v_sync_end 495 v_blanking: 525 v_border: 0
[2729533.706] (II) AMDGPU(0): Number of EDID sections to follow: 1
[2729533.706] (II) AMDGPU(0): EDID (in hex):
[2729533.706] (II) AMDGPU(0): 	00ffffffffffff001e6d555b01010101
[2729533.706] (II) AMDGPU(0): 	011a010380301b78ea3135a5554ea126
[2729533.706] (II) AMDGPU(0): 	0c5054a54b00714f81809500b300a9c0
[2729533.706] (II) AMDGPU(0): 	810081c09040023a801871382d40582c
[2729533.706] (II) AMDGPU(0): 	4500e00e1100001e000000fd00384b1e
[2729533.706] (II) AMDGPU(0): 	5512000a202020202020000000fc004c
[2729533.706] (II) AMDGPU(0): 	472046554c4c2048440a2020000000ff
[2729533.706] (II) AMDGPU(0): 	000a2020202020202020202020200161
[2729533.706] (II) AMDGPU(0): 	02031bf14890040301121f1013230907
[2729533.706] (II) AMDGPU(0): 	078301000065030c001000023a801871
[2729533.706] (II) AMDGPU(0): 	382d40582c4500e00e1100001e2a4480
[2729533.706] (II) AMDGPU(0): 	a07038274030203500e00e1100001e01
[2729533.706] (II) AMDGPU(0): 	1d007251d01e206e285500e00e110000
[2729533.706] (II) AMDGPU(0): 	1e8c0ad08a20e02d10103e9600e00e11
[2729533.706] (II) AMDGPU(0): 	00001800000000000000000000000000
[2729533.706] (II) AMDGPU(0): 	0000000000000000000000000000004b
[2729533.706] (II) AMDGPU(0): Printing probed modes for output HDMI-A-0
[2729533.706] (II) AMDGPU(0): Modeline "1920x1080"x60.0  148.50  1920 2008 2052 2200  1080 1084 1089 1125 +hsync +vsync (67.5 kHz eP)
[2729533.706] (II) AMDGPU(0): Modeline "1920x1080"x75.0  174.50  1920 1968 2000 2080  1080 1083 1088 1119 +hsync +vsync (83.9 kHz e)
[2729533.706] (II) AMDGPU(0): Modeline "1920x1080"x50.0  148.50  1920 2448 2492 2640  1080 1084 1089 1125 +hsync +vsync (56.2 kHz e)
[2729533.706] (II) AMDGPU(0): Modeline "1920x1080"x59.9  148.35  1920 2008 2052 2200  1080 1084 1089 1125 +hsync +vsync (67.4 kHz e)
[2729533.706] (II) AMDGPU(0): Modeline "1680x1050"x59.9  119.00  1680 1728 1760 1840  1050 1053 1059 1080 +hsync -vsync (64.7 kHz e)
[2729533.706] (II) AMDGPU(0): Modeline "1400x1050"x59.9  101.00  1400 1448 1480 1560  1050 1053 1057 1080 +hsync -vsync (64.7 kHz e)
[2729533.706] (II) AMDGPU(0): Modeline "1600x900"x60.0  108.00  1600 1624 1704 1800  900 901 904 1000 +hsync +vsync (60.0 kHz e)
[2729533.706] (II) AMDGPU(0): Modeline "1280x1024"x75.0  135.00  1280 1296 1440 1688  1024 1025 1028 1066 +hsync +vsync (80.0 kHz e)
[2729533.706] (II) AMDGPU(0): Modeline "1280x1024"x60.0  108.00  1280 1328 1440 1688  1024 1025 1028 1066 +hsync +vsync (64.0 kHz e)
[2729533.706] (II) AMDGPU(0): Modeline "1440x900"x59.9   88.75  1440 1488 1520 1600  900 903 909 926 +hsync -vsync (55.5 kHz e)
[2729533.706] (II) AMDGPU(0): Modeline "1280x800"x59.9   71.00  1280 1328 1360 1440  800 803 809 823 +hsync -vsync (49.3 kHz e)
[2729533.706] (II) AMDGPU(0): Modeline "1152x864"x75.0  108.00  1152 1216 1344 1600  864 865 868 900 +hsync +vsync (67.5 kHz e)
[2729533.706] (II) AMDGPU(0): Modeline "1280x720"x60.0   74.25  1280 1390 1430 1650  720 725 730 750 +hsync +vsync (45.0 kHz e)
[2729533.706] (II) AMDGPU(0): Modeline "1280x720"x50.0   74.25  1280 1720 1760 1980  720 725 730 750 +hsync +vsync (37.5 kHz e)
[2729533.706] (II) AMDGPU(0): Modeline "1280x720"x59.9   74.18  1280 1390 1430 1650  720 725 730 750 +hsync +vsync (45.0 kHz e)
[2729533.706] (II) AMDGPU(0): Modeline "1024x768"x75.0   78.75  1024 1040 1136 1312  768 769 772 800 +hsync +vsync (60.0 kHz e)
[2729533.706] (II) AMDGPU(0): Modeline "1024x768"x60.0   65.00  1024 1048 1184 1344  768 771 777 806 -hsync -vsync (48.4 kHz e)
[2729533.706] (II) AMDGPU(0): Modeline "800x600"x75.0   49.50  800 816 896 1056  600 601 604 625 +hsync +vsync (46.9 kHz e)
[2729533.706] (II) AMDGPU(0): Modeline "800x600"x60.3   40.00  800 840 968 1056  600 601 605 628 +hsync +vsync (37.9 kHz e)
[2729533.706] (II) AMDGPU(0): Modeline "720x576"x50.0   27.00  720 732 796 864  576 581 586 625 -hsync -vsync (31.2 kHz e)
[2729533.706] (II) AMDGPU(0): Modeline "720x480"x60.0   27.03  720 736 798 858  480 489 495 525 -hsync -vsync (31.5 kHz e)
[2729533.706] (II) AMDGPU(0): Modeline "720x480"x59.9   27.00  720 736 798 858  480 489 495 525 -hsync -vsync (31.5 kHz e)
[2729533.706] (II) AMDGPU(0): Modeline "640x480"x75.0   31.50  640 656 720 840  480 481 484 500 -hsync -vsync (37.5 kHz e)
[2729533.707] (II) AMDGPU(0): Modeline "640x480"x60.0   25.20  640 656 752 800  480 490 492 525 -hsync -vsync (31.5 kHz e)
[2729533.707] (II) AMDGPU(0): Modeline "640x480"x59.9   25.18  640 656 752 800  480 490 492 525 -hsync -vsync (31.5 kHz e)
[2729533.707] (II) AMDGPU(0): Modeline "720x400"x70.1   28.32  720 738 846 900  400 412 414 449 -hsync +vsync (31.5 kHz e)
[2729533.707] (II) AMDGPU(0): EDID for output DVI-D-0
[2729533.707] (II) AMDGPU(0): Output DisplayPort-0 disconnected
[2729533.707] (II) AMDGPU(0): Output DisplayPort-1 disconnected
[2729533.707] (II) AMDGPU(0): Output DisplayPort-2 disconnected
[2729533.707] (II) AMDGPU(0): Output HDMI-A-0 connected
[2729533.707] (II) AMDGPU(0): Output DVI-D-0 disconnected
[2729533.707] (II) AMDGPU(0): Using exact sizes for initial modes
[2729533.707] (II) AMDGPU(0): Output HDMI-A-0 using initial mode 1920x1080 +0+0
[2729533.707] (II) AMDGPU(0): mem size init: gart size :1ff86b000 vram size: s:1fe1d7000 visible:fac0000
[2729533.707] (==) AMDGPU(0): DPI set to (96, 96)
[2729533.707] (==) AMDGPU(0): Using gamma correction (1.0, 1.0, 1.0)
[2729533.707] (II) Loading sub module "ramdac"
[2729533.707] (II) LoadModule: "ramdac"
[2729533.707] (II) Module "ramdac" already built-in
[2729533.707] (II) UnloadModule: "modesetting"
[2729533.707] (II) Unloading modesetting
[2729533.707] (II) UnloadModule: "fbdev"
[2729533.707] (II) Unloading fbdev
[2729533.707] (II) UnloadSubModule: "fbdevhw"
[2729533.707] (II) Unloading fbdevhw
[2729533.707] (II) UnloadModule: "vesa"
[2729533.707] (II) Unloading vesa
[2729533.707] (II) AMDGPU(0): [DRI2] Setup complete
[2729533.707] (II) AMDGPU(0): [DRI2]   DRI driver: radeonsi
[2729533.707] (II) AMDGPU(0): [DRI2]   VDPAU driver: radeonsi
[2729533.707] (II) AMDGPU(0): Front buffer pitch: 8192 bytes
[2729533.707] (II) AMDGPU(0): SYNC extension fences enabled
[2729533.707] (II) AMDGPU(0): Present extension enabled
[2729533.707] (==) AMDGPU(0): DRI3 enabled
[2729533.707] (==) AMDGPU(0): Backing store enabled
[2729533.707] (II) AMDGPU(0): Direct rendering enabled
[2729533.717] (II) AMDGPU(0): Use GLAMOR acceleration.
[2729533.717] (II) AMDGPU(0): Acceleration enabled
[2729533.717] (==) AMDGPU(0): DPMS enabled
[2729533.717] (==) AMDGPU(0): Silken mouse enabled
[2729533.717] (II) AMDGPU(0): Set up textured video (glamor)
[2729533.722] (II) Initializing extension Generic Event Extension
[2729533.722] (II) Initializing extension SHAPE
[2729533.722] (II) Initializing extension MIT-SHM
[2729533.722] (II) Initializing extension XInputExtension
[2729533.723] (II) Initializing extension XTEST
[2729533.723] (II) Initializing extension BIG-REQUESTS
[2729533.723] (II) Initializing extension SYNC
[2729533.723] (II) Initializing extension XKEYBOARD
[2729533.723] (II) Initializing extension XC-MISC
[2729533.723] (II) Initializing extension SECURITY
[2729533.723] (II) Initializing extension XFIXES
[2729533.723] (II) Initializing extension RENDER
[2729533.723] (II) Initializing extension RANDR
[2729533.723] (II) Initializing extension COMPOSITE
[2729533.723] (II) Initializing extension DAMAGE
[2729533.723] (II) Initializing extension MIT-SCREEN-SAVER
[2729533.723] (II) Initializing extension DOUBLE-BUFFER
[2729533.723] (II) Initializing extension RECORD
[2729533.723] (II) Initializing extension DPMS
[2729533.724] (II) Initializing extension Present
[2729533.724] (II) Initializing extension DRI3
[2729533.724] (II) Initializing extension X-Resource
[2729533.724] (II) Initializing extension XVideo
[2729533.724] (II) Initializing extension XVideo-MotionCompensation
[2729533.724] (II) Initializing extension SELinux
[2729533.724] (II) SELinux: Disabled on system
[2729533.724] (II) Initializing extension GLX
[2729533.728] (II) AIGLX: Loaded and initialized radeonsi
[2729533.728] (II) GLX: Initialized DRI2 GL provider for screen 0
[2729533.728] (II) Initializing extension XFree86-VidModeExtension
[2729533.728] (II) Initializing extension XFree86-DGA
[2729533.728] (II) Initializing extension XFree86-DRI
[2729533.728] (II) Initializing extension DRI2
[2729533.728] (II) AMDGPU(0): Setting screen physical size to 508 x 285
[2729533.795] (II) config/udev: Adding input device Power Button (/dev/input/event1)
[2729533.795] (**) Power Button: Applying InputClass "libinput keyboard catchall"
[2729533.795] (II) LoadModule: "libinput"
[2729533.795] (II) Loading /usr/lib/xorg/modules/input/libinput_drv.so
[2729533.797] (II) Module libinput: vendor="X.Org Foundation"
[2729533.797] 	compiled for 1.20.4, module version = 0.29.0
[2729533.797] 	Module class: X.Org XInput Driver
[2729533.797] 	ABI class: X.Org XInput driver, version 24.1
[2729533.797] (II) Using input driver 'libinput' for 'Power Button'
[2729533.798] (II) systemd-logind: got fd for /dev/input/event1 13:65 fd 26 paused 0
[2729533.798] (**) Power Button: always reports core events
[2729533.798] (**) Option "Device" "/dev/input/event1"
[2729533.798] (**) Option "_source" "server/udev"
[2729533.799] (II) event1  - Power Button: is tagged by udev as: Keyboard
[2729533.799] (II) event1  - Power Button: device is a keyboard
[2729533.799] (II) event1  - Power Button: device removed
[2729533.799] (**) Option "config_info" "udev:/sys/devices/LNXSYSTM:00/LNXPWRBN:00/input/input1/event1"
[2729533.799] (II) XINPUT: Adding extended input device "Power Button" (type: KEYBOARD, id 6)
[2729533.799] (**) Option "xkb_model" "pc105"
[2729533.799] (**) Option "xkb_layout" "us"
[2729533.799] (II) event1  - Power Button: is tagged by udev as: Keyboard
[2729533.799] (II) event1  - Power Button: device is a keyboard
[2729533.800] (II) config/udev: Adding input device Power Button (/dev/input/event0)
[2729533.800] (**) Power Button: Applying InputClass "libinput keyboard catchall"
[2729533.800] (II) Using input driver 'libinput' for 'Power Button'
[2729533.800] (II) systemd-logind: got fd for /dev/input/event0 13:64 fd 29 paused 0
[2729533.800] (**) Power Button: always reports core events
[2729533.800] (**) Option "Device" "/dev/input/event0"
[2729533.800] (**) Option "_source" "server/udev"
[2729533.801] (II) event0  - Power Button: is tagged by udev as: Keyboard
[2729533.801] (II) event0  - Power Button: device is a keyboard
[2729533.801] (II) event0  - Power Button: device removed
[2729533.801] (**) Option "config_info" "udev:/sys/devices/LNXSYSTM:00/LNXSYBUS:00/PNP0C0C:00/input/input0/event0"
[2729533.801] (II) XINPUT: Adding extended input device "Power Button" (type: KEYBOARD, id 7)
[2729533.801] (**) Option "xkb_model" "pc105"
[2729533.801] (**) Option "xkb_layout" "us"
[2729533.802] (II) event0  - Power Button: is tagged by udev as: Keyboard
[2729533.802] (II) event0  - Power Button: device is a keyboard
[2729533.803] (II) config/udev: Adding input device Dell Dell QuietKey Keyboard (/dev/input/event3)
[2729533.803] (**) Dell Dell QuietKey Keyboard: Applying InputClass "libinput keyboard catchall"
[2729533.803] (II) Using input driver 'libinput' for 'Dell Dell QuietKey Keyboard'
[2729533.803] (II) systemd-logind: got fd for /dev/input/event3 13:67 fd 30 paused 0
[2729533.803] (**) Dell Dell QuietKey Keyboard: always reports core events
[2729533.803] (**) Option "Device" "/dev/input/event3"
[2729533.803] (**) Option "_source" "server/udev"
[2729533.805] (II) event3  - Dell Dell QuietKey Keyboard: is tagged by udev as: Keyboard
[2729533.805] (II) event3  - Dell Dell QuietKey Keyboard: device is a keyboard
[2729533.805] (II) event3  - Dell Dell QuietKey Keyboard: device removed
[2729533.805] (**) Option "config_info" "udev:/sys/devices/pci0000:00/0000:00:01.2/0000:02:00.0/0000:03:08.0/0000:06:00.1/usb1/1-1/1-1:1.0/0003:413C:2106.0002/input/input3/event3"
[2729533.805] (II) XINPUT: Adding extended input device "Dell Dell QuietKey Keyboard" (type: KEYBOARD, id 8)
[2729533.805] (**) Option "xkb_model" "pc105"
[2729533.805] (**) Option "xkb_layout" "us"
[2729533.806] (II) event3  - Dell Dell QuietKey Keyboard: is tagged by udev as: Keyboard
[2729533.806] (II) event3  - Dell Dell QuietKey Keyboard: device is a keyboard
[2729533.807] (II) config/udev: Adding input device HDA ATI HDMI HDMI/DP,pcm=3 (/dev/input/event4)
[2729533.807] (II) No input driver specified, ignoring this device.
[2729533.807] (II) This device may have been added with another device file.
[2729533.807] (II) config/udev: Adding input device HDA ATI HDMI HDMI/DP,pcm=7 (/dev/input/event5)
[2729533.807] (II) No input driver specified, ignoring this device.
[2729533.807] (II) This device may have been added with another device file.
[2729533.808] (II) config/udev: Adding input device HDA ATI HDMI HDMI/DP,pcm=8 (/dev/input/event7)
[2729533.808] (II) No input driver specified, ignoring this device.
[2729533.808] (II) This device may have been added with another device file.
[2729533.808] (II) config/udev: Adding input device HDA ATI HDMI HDMI/DP,pcm=9 (/dev/input/event8)
[2729533.808] (II) No input driver specified, ignoring this device.
[2729533.808] (II) This device may have been added with another device file.
[2729533.808] (II) config/udev: Adding input device HDA ATI HDMI HDMI/DP,pcm=10 (/dev/input/event11)
[2729533.808] (II) No input driver specified, ignoring this device.
[2729533.808] (II) This device may have been added with another device file.
[2729533.809] (II) config/udev: Adding input device HDA ATI HDMI HDMI/DP,pcm=11 (/dev/input/event12)
[2729533.809] (II) No input driver specified, ignoring this device.
[2729533.809] (II) This device may have been added with another device file.
[2729533.809] (II) config/udev: Adding input device Logitech USB Optical Mouse (/dev/input/event2)
[2729533.809] (**) Logitech USB Optical Mouse: Applying InputClass "libinput pointer catchall"
[2729533.809] (II) Using input driver 'libinput' for 'Logitech USB Optical Mouse'
[2729533.810] (II) systemd-logind: got fd for /dev/input/event2 13:66 fd 31 paused 0
[2729533.810] (**) Logitech USB Optical Mouse: always reports core events
[2729533.810] (**) Option "Device" "/dev/input/event2"
[2729533.810] (**) Option "_source" "server/udev"
[2729533.811] (II) event2  - Logitech USB Optical Mouse: is tagged by udev as: Mouse
[2729533.811] (II) event2  - Logitech USB Optical Mouse: device is a pointer
[2729533.811] (II) event2  - Logitech USB Optical Mouse: device removed
[2729533.811] (**) Option "config_info" "udev:/sys/devices/pci0000:00/0000:00:08.1/0000:0b:00.3/usb5/5-4/5-4:1.0/0003:046D:C018.0001/input/input2/event2"
[2729533.811] (II) XINPUT: Adding extended input device "Logitech USB Optical Mouse" (type: MOUSE, id 9)
[2729533.811] (**) Option "AccelerationScheme" "none"
[2729533.811] (**) Logitech USB Optical Mouse: (accel) selected scheme none/0
[2729533.811] (**) Logitech USB Optical Mouse: (accel) acceleration factor: 2.000
[2729533.811] (**) Logitech USB Optical Mouse: (accel) acceleration threshold: 4
[2729533.812] (II) event2  - Logitech USB Optical Mouse: is tagged by udev as: Mouse
[2729533.812] (II) event2  - Logitech USB Optical Mouse: device is a pointer
[2729533.813] (II) config/udev: Adding input device Logitech USB Optical Mouse (/dev/input/mouse0)
[2729533.813] (II) No input driver specified, ignoring this device.
[2729533.813] (II) This device may have been added with another device file.
[2729533.813] (II) config/udev: Adding input device HD-Audio Generic Front Mic (/dev/input/event6)
[2729533.813] (II) No input driver specified, ignoring this device.
[2729533.813] (II) This device may have been added with another device file.
[2729533.813] (II) config/udev: Adding input device HD-Audio Generic Rear Mic (/dev/input/event9)
[2729533.813] (II) No input driver specified, ignoring this device.
[2729533.813] (II) This device may have been added with another device file.
[2729533.814] (II) config/udev: Adding input device HD-Audio Generic Line (/dev/input/event10)
[2729533.814] (II) No input driver specified, ignoring this device.
[2729533.814] (II) This device may have been added with another device file.
[2729533.814] (II) config/udev: Adding input device HD-Audio Generic Line Out (/dev/input/event13)
[2729533.814] (II) No input driver specified, ignoring this device.
[2729533.814] (II) This device may have been added with another device file.
[2729533.814] (II) config/udev: Adding input device HD-Audio Generic Front Headphone (/dev/input/event14)
[2729533.814] (II) No input driver specified, ignoring this device.
[2729533.814] (II) This device may have been added with another device file.
[2729534.424] (II) AMDGPU(0): EDID vendor "GSM", prod id 23381
[2729534.424] (II) AMDGPU(0): Using EDID range info for horizontal sync
[2729534.424] (II) AMDGPU(0): Using EDID range info for vertical refresh
[2729534.424] (II) AMDGPU(0): Printing DDC gathered Modelines:
[2729534.424] (II) AMDGPU(0): Modeline "1920x1080"x0.0  148.50  1920 2008 2052 2200  1080 1084 1089 1125 +hsync +vsync (67.5 kHz eP)
[2729534.424] (II) AMDGPU(0): Modeline "1920x1080"x0.0  174.50  1920 1968 2000 2080  1080 1083 1088 1119 +hsync +vsync (83.9 kHz e)
[2729534.424] (II) AMDGPU(0): Modeline "1280x720"x0.0   74.25  1280 1390 1430 1650  720 725 730 750 +hsync +vsync (45.0 kHz e)
[2729534.424] (II) AMDGPU(0): Modeline "720x480"x0.0   27.00  720 736 798 858  480 489 495 525 -hsync -vsync (31.5 kHz e)
[2729534.424] (II) AMDGPU(0): Modeline "640x480"x0.0   25.18  640 656 752 800  480 490 492 525 -hsync -vsync (31.5 kHz e)
[2729534.424] (II) AMDGPU(0): Modeline "720x576"x0.0   27.00  720 732 796 864  576 581 586 625 -hsync -vsync (31.2 kHz e)
[2729534.424] (II) AMDGPU(0): Modeline "1920x1080"x0.0  148.50  1920 2448 2492 2640  1080 1084 1089 1125 +hsync +vsync (56.2 kHz e)
[2729534.424] (II) AMDGPU(0): Modeline "1280x720"x0.0   74.25  1280 1720 1760 1980  720 725 730 750 +hsync +vsync (37.5 kHz e)
[2729534.424] (II) AMDGPU(0): Modeline "800x600"x0.0   40.00  800 840 968 1056  600 601 605 628 +hsync +vsync (37.9 kHz e)
[2729534.424] (II) AMDGPU(0): Modeline "640x480"x0.0   31.50  640 656 720 840  480 481 484 500 -hsync -vsync (37.5 kHz e)
[2729534.424] (II) AMDGPU(0): Modeline "720x400"x0.0   28.32  720 738 846 900  400 412 414 449 -hsync +vsync (31.5 kHz e)
[2729534.424] (II) AMDGPU(0): Modeline "1280x1024"x0.0  135.00  1280 1296 1440 1688  1024 1025 1028 1066 +hsync +vsync (80.0 kHz e)
[2729534.424] (II) AMDGPU(0): Modeline "1024x768"x0.0   78.75  1024 1040 1136 1312  768 769 772 800 +hsync +vsync (60.0 kHz e)
[2729534.424] (II) AMDGPU(0): Modeline "1024x768"x0.0   65.00  1024 1048 1184 1344  768 771 777 806 -hsync -vsync (48.4 kHz e)
[2729534.424] (II) AMDGPU(0): Modeline "800x600"x0.0   49.50  800 816 896 1056  600 601 604 625 +hsync +vsync (46.9 kHz e)
[2729534.424] (II) AMDGPU(0): Modeline "1152x864"x0.0  108.00  1152 1216 1344 1600  864 865 868 900 +hsync +vsync (67.5 kHz e)
[2729534.424] (II) AMDGPU(0): Modeline "1280x1024"x0.0  108.00  1280 1328 1440 1688  1024 1025 1028 1066 +hsync +vsync (64.0 kHz e)
[2729534.424] (II) AMDGPU(0): Modeline "1440x900"x0.0   88.75  1440 1488 1520 1600  900 903 909 926 +hsync -vsync (55.5 kHz e)
[2729534.424] (II) AMDGPU(0): Modeline "1680x1050"x0.0  119.00  1680 1728 1760 1840  1050 1053 1059 1080 +hsync -vsync (64.7 kHz e)
[2729534.424] (II) AMDGPU(0): Modeline "1600x900"x60.0  119.00  1600 1696 1864 2128  900 901 904 932 -hsync +vsync (55.9 kHz e)
[2729534.424] (II) AMDGPU(0): Modeline "1280x800"x0.0   71.00  1280 1328 1360 1440  800 803 809 823 +hsync -vsync (49.3 kHz e)
[2729534.424] (II) AMDGPU(0): Modeline "1400x1050"x0.0  101.00  1400 1448 1480 1560  1050 1053 1057 1080 +hsync -vsync (64.7 kHz e)
[2729535.431] (II) AMDGPU(0): EDID vendor "GSM", prod id 23381
[2729535.431] (II) AMDGPU(0): Using hsync ranges from config file
[2729535.431] (II) AMDGPU(0): Using vrefresh ranges from config file
[2729535.431] (II) AMDGPU(0): Printing DDC gathered Modelines:
[2729535.431] (II) AMDGPU(0): Modeline "1920x1080"x0.0  148.50  1920 2008 2052 2200  1080 1084 1089 1125 +hsync +vsync (67.5 kHz eP)
[2729535.431] (II) AMDGPU(0): Modeline "1920x1080"x0.0  174.50  1920 1968 2000 2080  1080 1083 1088 1119 +hsync +vsync (83.9 kHz e)
[2729535.431] (II) AMDGPU(0): Modeline "1280x720"x0.0   74.25  1280 1390 1430 1650  720 725 730 750 +hsync +vsync (45.0 kHz e)
[2729535.431] (II) AMDGPU(0): Modeline "720x480"x0.0   27.00  720 736 798 858  480 489 495 525 -hsync -vsync (31.5 kHz e)
[2729535.431] (II) AMDGPU(0): Modeline "640x480"x0.0   25.18  640 656 752 800  480 490 492 525 -hsync -vsync (31.5 kHz e)
[2729535.431] (II) AMDGPU(0): Modeline "720x576"x0.0   27.00  720 732 796 864  576 581 586 625 -hsync -vsync (31.2 kHz e)
[2729535.431] (II) AMDGPU(0): Modeline "1920x1080"x0.0  148.50  1920 2448 2492 2640  1080 1084 1089 1125 +hsync +vsync (56.2 kHz e)
[2729535.431] (II) AMDGPU(0): Modeline "1280x720"x0.0   74.25  1280 1720 1760 1980  720 725 730 750 +hsync +vsync (37.5 kHz e)
[2729535.431] (II) AMDGPU(0): Modeline "800x600"x0.0   40.00  800 840 968 1056  600 601 605 628 +hsync +vsync (37.9 kHz e)
[2729535.431] (II) AMDGPU(0): Modeline "640x480"x0.0   31.50  640 656 720 840  480 481 484 500 -hsync -vsync (37.5 kHz e)
[2729535.431] (II) AMDGPU(0): Modeline "720x400"x0.0   28.32  720 738 846 900  400 412 414 449 -hsync +vsync (31.5 kHz e)
[2729535.431] (II) AMDGPU(0): Modeline "1280x1024"x0.0  135.00  1280 1296 1440 1688  1024 1025 1028 1066 +hsync +vsync (80.0 kHz e)
[2729535.431] (II) AMDGPU(0): Modeline "1024x768"x0.0   78.75  1024 1040 1136 1312  768 769 772 800 +hsync +vsync (60.0 kHz e)
[2729535.431] (II) AMDGPU(0): Modeline "1024x768"x0.0   65.00  1024 1048 1184 1344  768 771 777 806 -hsync -vsync (48.4 kHz e)
[2729535.431] (II) AMDGPU(0): Modeline "800x600"x0.0   49.50  800 816 896 1056  600 601 604 625 +hsync +vsync (46.9 kHz e)
[2729535.431] (II) AMDGPU(0): Modeline "1152x864"x0.0  108.00  1152 1216 1344 1600  864 865 868 900 +hsync +vsync (67.5 kHz e)
[2729535.431] (II) AMDGPU(0): Modeline "1280x1024"x0.0  108.00  1280 1328 1440 1688  1024 1025 1028 1066 +hsync +vsync (64.0 kHz e)
[2729535.431] (II) AMDGPU(0): Modeline "1440x900"x0.0   88.75  1440 1488 1520 1600  900 903 909 926 +hsync -vsync (55.5 kHz e)
[2729535.431] (II) AMDGPU(0): Modeline "1680x1050"x0.0  119.00  1680 1728 1760 1840  1050 1053 1059 1080 +hsync -vsync (64.7 kHz e)
[2729535.431] (II) AMDGPU(0): Modeline "1600x900"x60.0  119.00  1600 1696 1864 2128  900 901 904 932 -hsync +vsync (55.9 kHz e)
[2729535.431] (II) AMDGPU(0): Modeline "1280x800"x0.0   71.00  1280 1328 1360 1440  800 803 809 823 +hsync -vsync (49.3 kHz e)
[2729535.431] (II) AMDGPU(0): Modeline "1400x1050"x0.0  101.00  1400 1448 1480 1560  1050 1053 1057 1080 +hsync -vsync (64.7 kHz e)
[2733197.100] (II) event2  - Logitech USB Optical Mouse: Enabling spurious button debouncing, see https://wayland.freedesktop.org/libinput/doc/1.15.5/button-debouncing.html for details
[2741027.624] (EE) AMDGPU(0): drmmode_do_crtc_dpms cannot get last vblank counter
[2741028.523] (II) AMDGPU(0): EDID vendor "GSM", prod id 23381
[2741028.523] (II) AMDGPU(0): Using hsync ranges from config file
[2741028.523] (II) AMDGPU(0): Using vrefresh ranges from config file
[2741028.523] (II) AMDGPU(0): Printing DDC gathered Modelines:
[2741028.523] (II) AMDGPU(0): Modeline "1920x1080"x0.0  148.50  1920 2008 2052 2200  1080 1084 1089 1125 +hsync +vsync (67.5 kHz eP)
[2741028.523] (II) AMDGPU(0): Modeline "1920x1080"x0.0  174.50  1920 1968 2000 2080  1080 1083 1088 1119 +hsync +vsync (83.9 kHz e)
[2741028.523] (II) AMDGPU(0): Modeline "1280x720"x0.0   74.25  1280 1390 1430 1650  720 725 730 750 +hsync +vsync (45.0 kHz e)
[2741028.523] (II) AMDGPU(0): Modeline "720x480"x0.0   27.00  720 736 798 858  480 489 495 525 -hsync -vsync (31.5 kHz e)
[2741028.523] (II) AMDGPU(0): Modeline "640x480"x0.0   25.18  640 656 752 800  480 490 492 525 -hsync -vsync (31.5 kHz e)
[2741028.523] (II) AMDGPU(0): Modeline "720x576"x0.0   27.00  720 732 796 864  576 581 586 625 -hsync -vsync (31.2 kHz e)
[2741028.523] (II) AMDGPU(0): Modeline "1920x1080"x0.0  148.50  1920 2448 2492 2640  1080 1084 1089 1125 +hsync +vsync (56.2 kHz e)
[2741028.523] (II) AMDGPU(0): Modeline "1280x720"x0.0   74.25  1280 1720 1760 1980  720 725 730 750 +hsync +vsync (37.5 kHz e)
[2741028.523] (II) AMDGPU(0): Modeline "800x600"x0.0   40.00  800 840 968 1056  600 601 605 628 +hsync +vsync (37.9 kHz e)
[2741028.523] (II) AMDGPU(0): Modeline "640x480"x0.0   31.50  640 656 720 840  480 481 484 500 -hsync -vsync (37.5 kHz e)
[2741028.523] (II) AMDGPU(0): Modeline "720x400"x0.0   28.32  720 738 846 900  400 412 414 449 -hsync +vsync (31.5 kHz e)
[2741028.523] (II) AMDGPU(0): Modeline "1280x1024"x0.0  135.00  1280 1296 1440 1688  1024 1025 1028 1066 +hsync +vsync (80.0 kHz e)
[2741028.523] (II) AMDGPU(0): Modeline "1024x768"x0.0   78.75  1024 1040 1136 1312  768 769 772 800 +hsync +vsync (60.0 kHz e)
[2741028.523] (II) AMDGPU(0): Modeline "1024x768"x0.0   65.00  1024 1048 1184 1344  768 771 777 806 -hsync -vsync (48.4 kHz e)
[2741028.523] (II) AMDGPU(0): Modeline "800x600"x0.0   49.50  800 816 896 1056  600 601 604 625 +hsync +vsync (46.9 kHz e)
[2741028.523] (II) AMDGPU(0): Modeline "1152x864"x0.0  108.00  1152 1216 1344 1600  864 865 868 900 +hsync +vsync (67.5 kHz e)
[2741028.523] (II) AMDGPU(0): Modeline "1280x1024"x0.0  108.00  1280 1328 1440 1688  1024 1025 1028 1066 +hsync +vsync (64.0 kHz e)
[2741028.523] (II) AMDGPU(0): Modeline "1440x900"x0.0   88.75  1440 1488 1520 1600  900 903 909 926 +hsync -vsync (55.5 kHz e)
[2741028.523] (II) AMDGPU(0): Modeline "1680x1050"x0.0  119.00  1680 1728 1760 1840  1050 1053 1059 1080 +hsync -vsync (64.7 kHz e)
[2741028.523] (II) AMDGPU(0): Modeline "1600x900"x60.0  119.00  1600 1696 1864 2128  900 901 904 932 -hsync +vsync (55.9 kHz e)
[2741028.523] (II) AMDGPU(0): Modeline "1280x800"x0.0   71.00  1280 1328 1360 1440  800 803 809 823 +hsync -vsync (49.3 kHz e)
[2741028.523] (II) AMDGPU(0): Modeline "1400x1050"x0.0  101.00  1400 1448 1480 1560  1050 1053 1057 1080 +hsync -vsync (64.7 kHz e)
[2741028.564] (II) AMDGPU(0): EDID vendor "GSM", prod id 23381
[2741028.564] (II) AMDGPU(0): Using hsync ranges from config file
[2741028.564] (II) AMDGPU(0): Using vrefresh ranges from config file
[2741028.564] (II) AMDGPU(0): Printing DDC gathered Modelines:
[2741028.564] (II) AMDGPU(0): Modeline "1920x1080"x0.0  148.50  1920 2008 2052 2200  1080 1084 1089 1125 +hsync +vsync (67.5 kHz eP)
[2741028.565] (II) AMDGPU(0): Modeline "1920x1080"x0.0  174.50  1920 1968 2000 2080  1080 1083 1088 1119 +hsync +vsync (83.9 kHz e)
[2741028.565] (II) AMDGPU(0): Modeline "1280x720"x0.0   74.25  1280 1390 1430 1650  720 725 730 750 +hsync +vsync (45.0 kHz e)
[2741028.565] (II) AMDGPU(0): Modeline "720x480"x0.0   27.00  720 736 798 858  480 489 495 525 -hsync -vsync (31.5 kHz e)
[2741028.565] (II) AMDGPU(0): Modeline "640x480"x0.0   25.18  640 656 752 800  480 490 492 525 -hsync -vsync (31.5 kHz e)
[2741028.565] (II) AMDGPU(0): Modeline "720x576"x0.0   27.00  720 732 796 864  576 581 586 625 -hsync -vsync (31.2 kHz e)
[2741028.565] (II) AMDGPU(0): Modeline "1920x1080"x0.0  148.50  1920 2448 2492 2640  1080 1084 1089 1125 +hsync +vsync (56.2 kHz e)
[2741028.565] (II) AMDGPU(0): Modeline "1280x720"x0.0   74.25  1280 1720 1760 1980  720 725 730 750 +hsync +vsync (37.5 kHz e)
[2741028.565] (II) AMDGPU(0): Modeline "800x600"x0.0   40.00  800 840 968 1056  600 601 605 628 +hsync +vsync (37.9 kHz e)
[2741028.565] (II) AMDGPU(0): Modeline "640x480"x0.0   31.50  640 656 720 840  480 481 484 500 -hsync -vsync (37.5 kHz e)
[2741028.565] (II) AMDGPU(0): Modeline "720x400"x0.0   28.32  720 738 846 900  400 412 414 449 -hsync +vsync (31.5 kHz e)
[2741028.565] (II) AMDGPU(0): Modeline "1280x1024"x0.0  135.00  1280 1296 1440 1688  1024 1025 1028 1066 +hsync +vsync (80.0 kHz e)
[2741028.565] (II) AMDGPU(0): Modeline "1024x768"x0.0   78.75  1024 1040 1136 1312  768 769 772 800 +hsync +vsync (60.0 kHz e)
[2741028.565] (II) AMDGPU(0): Modeline "1024x768"x0.0   65.00  1024 1048 1184 1344  768 771 777 806 -hsync -vsync (48.4 kHz e)
[2741028.565] (II) AMDGPU(0): Modeline "800x600"x0.0   49.50  800 816 896 1056  600 601 604 625 +hsync +vsync (46.9 kHz e)
[2741028.565] (II) AMDGPU(0): Modeline "1152x864"x0.0  108.00  1152 1216 1344 1600  864 865 868 900 +hsync +vsync (67.5 kHz e)
[2741028.565] (II) AMDGPU(0): Modeline "1280x1024"x0.0  108.00  1280 1328 1440 1688  1024 1025 1028 1066 +hsync +vsync (64.0 kHz e)
[2741028.565] (II) AMDGPU(0): Modeline "1440x900"x0.0   88.75  1440 1488 1520 1600  900 903 909 926 +hsync -vsync (55.5 kHz e)
[2741028.565] (II) AMDGPU(0): Modeline "1680x1050"x0.0  119.00  1680 1728 1760 1840  1050 1053 1059 1080 +hsync -vsync (64.7 kHz e)
[2741028.565] (II) AMDGPU(0): Modeline "1600x900"x60.0  119.00  1600 1696 1864 2128  900 901 904 932 -hsync +vsync (55.9 kHz e)
[2741028.565] (II) AMDGPU(0): Modeline "1280x800"x0.0   71.00  1280 1328 1360 1440  800 803 809 823 +hsync -vsync (49.3 kHz e)
[2741028.565] (II) AMDGPU(0): Modeline "1400x1050"x0.0  101.00  1400 1448 1480 1560  1050 1053 1057 1080 +hsync -vsync (64.7 kHz e)
[2741381.465] (**) Option "fd" "26"
[2741381.465] (II) event1  - Power Button: device removed
[2741381.465] (**) Option "fd" "29"
[2741381.465] (II) event0  - Power Button: device removed
[2741381.465] (**) Option "fd" "30"
[2741381.465] (II) event3  - Dell Dell QuietKey Keyboard: device removed
[2741381.465] (**) Option "fd" "31"
[2741381.465] (II) event2  - Logitech USB Optical Mouse: device removed
[2741381.466] (II) AIGLX: Suspending AIGLX clients for VT switch
[2741381.514] (II) systemd-logind: got pause for 226:0
[2741381.514] (II) systemd-logind: got pause for 13:66
[2741381.514] (II) systemd-logind: got pause for 13:64
[2741381.514] (II) systemd-logind: got pause for 13:65
[2741381.514] (II) systemd-logind: got pause for 13:67
[2902828.285] (II) systemd-logind: got resume for 226:0
[2902828.285] (II) AIGLX: Resuming AIGLX clients after VT switch
[2902828.338] (II) AMDGPU(0): EDID vendor "GSM", prod id 23381
[2902828.338] (II) AMDGPU(0): Using hsync ranges from config file
[2902828.339] (II) AMDGPU(0): Using vrefresh ranges from config file
[2902828.339] (II) AMDGPU(0): Printing DDC gathered Modelines:
[2902828.339] (II) AMDGPU(0): Modeline "1920x1080"x0.0  148.50  1920 2008 2052 2200  1080 1084 1089 1125 +hsync +vsync (67.5 kHz eP)
[2902828.339] (II) AMDGPU(0): Modeline "1920x1080"x0.0  174.50  1920 1968 2000 2080  1080 1083 1088 1119 +hsync +vsync (83.9 kHz e)
[2902828.339] (II) AMDGPU(0): Modeline "1280x720"x0.0   74.25  1280 1390 1430 1650  720 725 730 750 +hsync +vsync (45.0 kHz e)
[2902828.339] (II) AMDGPU(0): Modeline "720x480"x0.0   27.00  720 736 798 858  480 489 495 525 -hsync -vsync (31.5 kHz e)
[2902828.339] (II) AMDGPU(0): Modeline "640x480"x0.0   25.18  640 656 752 800  480 490 492 525 -hsync -vsync (31.5 kHz e)
[2902828.339] (II) AMDGPU(0): Modeline "720x576"x0.0   27.00  720 732 796 864  576 581 586 625 -hsync -vsync (31.2 kHz e)
[2902828.339] (II) AMDGPU(0): Modeline "1920x1080"x0.0  148.50  1920 2448 2492 2640  1080 1084 1089 1125 +hsync +vsync (56.2 kHz e)
[2902828.339] (II) AMDGPU(0): Modeline "1280x720"x0.0   74.25  1280 1720 1760 1980  720 725 730 750 +hsync +vsync (37.5 kHz e)
[2902828.339] (II) AMDGPU(0): Modeline "800x600"x0.0   40.00  800 840 968 1056  600 601 605 628 +hsync +vsync (37.9 kHz e)
[2902828.339] (II) AMDGPU(0): Modeline "640x480"x0.0   31.50  640 656 720 840  480 481 484 500 -hsync -vsync (37.5 kHz e)
[2902828.339] (II) AMDGPU(0): Modeline "720x400"x0.0   28.32  720 738 846 900  400 412 414 449 -hsync +vsync (31.5 kHz e)
[2902828.339] (II) AMDGPU(0): Modeline "1280x1024"x0.0  135.00  1280 1296 1440 1688  1024 1025 1028 1066 +hsync +vsync (80.0 kHz e)
[2902828.339] (II) AMDGPU(0): Modeline "1024x768"x0.0   78.75  1024 1040 1136 1312  768 769 772 800 +hsync +vsync (60.0 kHz e)
[2902828.339] (II) AMDGPU(0): Modeline "1024x768"x0.0   65.00  1024 1048 1184 1344  768 771 777 806 -hsync -vsync (48.4 kHz e)
[2902828.339] (II) AMDGPU(0): Modeline "800x600"x0.0   49.50  800 816 896 1056  600 601 604 625 +hsync +vsync (46.9 kHz e)
[2902828.339] (II) AMDGPU(0): Modeline "1152x864"x0.0  108.00  1152 1216 1344 1600  864 865 868 900 +hsync +vsync (67.5 kHz e)
[2902828.339] (II) AMDGPU(0): Modeline "1280x1024"x0.0  108.00  1280 1328 1440 1688  1024 1025 1028 1066 +hsync +vsync (64.0 kHz e)
[2902828.339] (II) AMDGPU(0): Modeline "1440x900"x0.0   88.75  1440 1488 1520 1600  900 903 909 926 +hsync -vsync (55.5 kHz e)
[2902828.339] (II) AMDGPU(0): Modeline "1680x1050"x0.0  119.00  1680 1728 1760 1840  1050 1053 1059 1080 +hsync -vsync (64.7 kHz e)
[2902828.339] (II) AMDGPU(0): Modeline "1600x900"x60.0  119.00  1600 1696 1864 2128  900 901 904 932 -hsync +vsync (55.9 kHz e)
[2902828.339] (II) AMDGPU(0): Modeline "1280x800"x0.0   71.00  1280 1328 1360 1440  800 803 809 823 +hsync -vsync (49.3 kHz e)
[2902828.339] (II) AMDGPU(0): Modeline "1400x1050"x0.0  101.00  1400 1448 1480 1560  1050 1053 1057 1080 +hsync -vsync (64.7 kHz e)
[2902828.359] (II) systemd-logind: got resume for 13:66
[2902828.361] (II) event2  - Logitech USB Optical Mouse: is tagged by udev as: Mouse
[2902828.361] (II) event2  - Logitech USB Optical Mouse: device is a pointer
[2902828.361] (II) systemd-logind: got resume for 13:64
[2902828.362] (II) event0  - Power Button: is tagged by udev as: Keyboard
[2902828.362] (II) event0  - Power Button: device is a keyboard
[2902828.364] (II) AMDGPU(0): EDID vendor "GSM", prod id 23381
[2902828.365] (II) AMDGPU(0): Using hsync ranges from config file
[2902828.365] (II) AMDGPU(0): Using vrefresh ranges from config file
[2902828.365] (II) AMDGPU(0): Printing DDC gathered Modelines:
[2902828.365] (II) AMDGPU(0): Modeline "1920x1080"x0.0  148.50  1920 2008 2052 2200  1080 1084 1089 1125 +hsync +vsync (67.5 kHz eP)
[2902828.365] (II) AMDGPU(0): Modeline "1920x1080"x0.0  174.50  1920 1968 2000 2080  1080 1083 1088 1119 +hsync +vsync (83.9 kHz e)
[2902828.365] (II) AMDGPU(0): Modeline "1280x720"x0.0   74.25  1280 1390 1430 1650  720 725 730 750 +hsync +vsync (45.0 kHz e)
[2902828.365] (II) AMDGPU(0): Modeline "720x480"x0.0   27.00  720 736 798 858  480 489 495 525 -hsync -vsync (31.5 kHz e)
[2902828.365] (II) AMDGPU(0): Modeline "640x480"x0.0   25.18  640 656 752 800  480 490 492 525 -hsync -vsync (31.5 kHz e)
[2902828.365] (II) AMDGPU(0): Modeline "720x576"x0.0   27.00  720 732 796 864  576 581 586 625 -hsync -vsync (31.2 kHz e)
[2902828.365] (II) AMDGPU(0): Modeline "1920x1080"x0.0  148.50  1920 2448 2492 2640  1080 1084 1089 1125 +hsync +vsync (56.2 kHz e)
[2902828.365] (II) AMDGPU(0): Modeline "1280x720"x0.0   74.25  1280 1720 1760 1980  720 725 730 750 +hsync +vsync (37.5 kHz e)
[2902828.365] (II) AMDGPU(0): Modeline "800x600"x0.0   40.00  800 840 968 1056  600 601 605 628 +hsync +vsync (37.9 kHz e)
[2902828.365] (II) AMDGPU(0): Modeline "640x480"x0.0   31.50  640 656 720 840  480 481 484 500 -hsync -vsync (37.5 kHz e)
[2902828.365] (II) AMDGPU(0): Modeline "720x400"x0.0   28.32  720 738 846 900  400 412 414 449 -hsync +vsync (31.5 kHz e)
[2902828.365] (II) AMDGPU(0): Modeline "1280x1024"x0.0  135.00  1280 1296 1440 1688  1024 1025 1028 1066 +hsync +vsync (80.0 kHz e)
[2902828.365] (II) AMDGPU(0): Modeline "1024x768"x0.0   78.75  1024 1040 1136 1312  768 769 772 800 +hsync +vsync (60.0 kHz e)
[2902828.365] (II) AMDGPU(0): Modeline "1024x768"x0.0   65.00  1024 1048 1184 1344  768 771 777 806 -hsync -vsync (48.4 kHz e)
[2902828.365] (II) AMDGPU(0): Modeline "800x600"x0.0   49.50  800 816 896 1056  600 601 604 625 +hsync +vsync (46.9 kHz e)
[2902828.365] (II) AMDGPU(0): Modeline "1152x864"x0.0  108.00  1152 1216 1344 1600  864 865 868 900 +hsync +vsync (67.5 kHz e)
[2902828.365] (II) AMDGPU(0): Modeline "1280x1024"x0.0  108.00  1280 1328 1440 1688  1024 1025 1028 1066 +hsync +vsync (64.0 kHz e)
[2902828.365] (II) AMDGPU(0): Modeline "1440x900"x0.0   88.75  1440 1488 1520 1600  900 903 909 926 +hsync -vsync (55.5 kHz e)
[2902828.365] (II) AMDGPU(0): Modeline "1680x1050"x0.0  119.00  1680 1728 1760 1840  1050 1053 1059 1080 +hsync -vsync (64.7 kHz e)
[2902828.365] (II) AMDGPU(0): Modeline "1600x900"x60.0  119.00  1600 1696 1864 2128  900 901 904 932 -hsync +vsync (55.9 kHz e)
[2902828.365] (II) AMDGPU(0): Modeline "1280x800"x0.0   71.00  1280 1328 1360 1440  800 803 809 823 +hsync -vsync (49.3 kHz e)
[2902828.365] (II) AMDGPU(0): Modeline "1400x1050"x0.0  101.00  1400 1448 1480 1560  1050 1053 1057 1080 +hsync -vsync (64.7 kHz e)
[2902828.384] (II) systemd-logind: got resume for 13:65
[2902828.385] (II) event1  - Power Button: is tagged by udev as: Keyboard
[2902828.385] (II) event1  - Power Button: device is a keyboard
[2902828.420] (II) systemd-logind: got resume for 13:67
[2902828.423] (II) event3  - Dell Dell QuietKey Keyboard: is tagged by udev as: Keyboard
[2902828.423] (II) event3  - Dell Dell QuietKey Keyboard: device is a keyboard
[2902919.324] (**) Option "fd" "49"
[2902919.324] (II) event1  - Power Button: device removed
[2902919.324] (**) Option "fd" "26"
[2902919.324] (II) event0  - Power Button: device removed
[2902919.324] (**) Option "fd" "52"
[2902919.324] (II) event3  - Dell Dell QuietKey Keyboard: device removed
[2902919.324] (**) Option "fd" "31"
[2902919.324] (II) event2  - Logitech USB Optical Mouse: device removed
[2902919.324] (II) AIGLX: Suspending AIGLX clients for VT switch
[2902919.373] (II) systemd-logind: got pause for 226:0
[2902919.373] (II) systemd-logind: got pause for 13:66
[2902919.373] (II) systemd-logind: got pause for 13:64
[2902919.373] (II) systemd-logind: got pause for 13:65
[2902919.373] (II) systemd-logind: got pause for 13:67
